-------------------------------------------------------------------------------
Test set: fr.orionbs.ApplicationTest.restControllersTest.BidRestControllerTest
-------------------------------------------------------------------------------
Tests run: 5, Failures: 0, Errors: 2, Skipped: 0, Time elapsed: 0.083 s <<< FAILURE! - in fr.orionbs.ApplicationTest.restControllersTest.BidRestControllerTest
testDeletingBid  Time elapsed: 0.007 s  <<< ERROR!
org.springframework.web.util.NestedServletException: Request processing failed; nested exception is org.springframework.dao.EmptyResultDataAccessException: No class fr.orionbs.models.Bid entity with id 1 exists!
	at fr.orionbs.ApplicationTest.restControllersTest.BidRestControllerTest.testDeletingBid(BidRestControllerTest.java:75)
Caused by: org.springframework.dao.EmptyResultDataAccessException: No class fr.orionbs.models.Bid entity with id 1 exists!
	at fr.orionbs.ApplicationTest.restControllersTest.BidRestControllerTest.testDeletingBid(BidRestControllerTest.java:75)

testReadingBid  Time elapsed: 0.025 s  <<< ERROR!
org.springframework.web.util.NestedServletException: Request processing failed; nested exception is javax.persistence.EntityNotFoundException: Unable to find fr.orionbs.models.Bid with id 2
	at fr.orionbs.ApplicationTest.restControllersTest.BidRestControllerTest.testReadingBid(BidRestControllerTest.java:63)
Caused by: javax.persistence.EntityNotFoundException: Unable to find fr.orionbs.models.Bid with id 2
	at fr.orionbs.ApplicationTest.restControllersTest.BidRestControllerTest.testReadingBid(BidRestControllerTest.java:63)

