-------------------------------------------------------------------------------
Test set: fr.orionbs.ApplicationTest.restControllersTest.TradeRestControllerTest
-------------------------------------------------------------------------------
Tests run: 5, Failures: 0, Errors: 2, Skipped: 0, Time elapsed: 0.065 s <<< FAILURE! - in fr.orionbs.ApplicationTest.restControllersTest.TradeRestControllerTest
testReadingTrade  Time elapsed: 0.03 s  <<< ERROR!
org.springframework.web.util.NestedServletException: Request processing failed; nested exception is javax.persistence.EntityNotFoundException: Unable to find fr.orionbs.models.Trade with id 2
	at fr.orionbs.ApplicationTest.restControllersTest.TradeRestControllerTest.testReadingTrade(TradeRestControllerTest.java:63)
Caused by: javax.persistence.EntityNotFoundException: Unable to find fr.orionbs.models.Trade with id 2
	at fr.orionbs.ApplicationTest.restControllersTest.TradeRestControllerTest.testReadingTrade(TradeRestControllerTest.java:63)

testDeletingTrade  Time elapsed: 0.004 s  <<< ERROR!
org.springframework.web.util.NestedServletException: Request processing failed; nested exception is org.springframework.dao.EmptyResultDataAccessException: No class fr.orionbs.models.Trade entity with id 1 exists!
	at fr.orionbs.ApplicationTest.restControllersTest.TradeRestControllerTest.testDeletingTrade(TradeRestControllerTest.java:75)
Caused by: org.springframework.dao.EmptyResultDataAccessException: No class fr.orionbs.models.Trade entity with id 1 exists!
	at fr.orionbs.ApplicationTest.restControllersTest.TradeRestControllerTest.testDeletingTrade(TradeRestControllerTest.java:75)

