-------------------------------------------------------------------------------
Test set: fr.orionbs.ApplicationTest.restControllersTest.RuleRestControllerTest
-------------------------------------------------------------------------------
Tests run: 5, Failures: 0, Errors: 2, Skipped: 0, Time elapsed: 0.056 s <<< FAILURE! - in fr.orionbs.ApplicationTest.restControllersTest.RuleRestControllerTest
testReadingRule  Time elapsed: 0.027 s  <<< ERROR!
org.springframework.web.util.NestedServletException: Request processing failed; nested exception is javax.persistence.EntityNotFoundException: Unable to find fr.orionbs.models.Rule with id 2
	at fr.orionbs.ApplicationTest.restControllersTest.RuleRestControllerTest.testReadingRule(RuleRestControllerTest.java:63)
Caused by: javax.persistence.EntityNotFoundException: Unable to find fr.orionbs.models.Rule with id 2
	at fr.orionbs.ApplicationTest.restControllersTest.RuleRestControllerTest.testReadingRule(RuleRestControllerTest.java:63)

testDeletingRule  Time elapsed: 0 s  <<< ERROR!
org.springframework.web.util.NestedServletException: Request processing failed; nested exception is org.springframework.dao.EmptyResultDataAccessException: No class fr.orionbs.models.Rule entity with id 1 exists!
	at fr.orionbs.ApplicationTest.restControllersTest.RuleRestControllerTest.testDeletingRule(RuleRestControllerTest.java:75)
Caused by: org.springframework.dao.EmptyResultDataAccessException: No class fr.orionbs.models.Rule entity with id 1 exists!
	at fr.orionbs.ApplicationTest.restControllersTest.RuleRestControllerTest.testDeletingRule(RuleRestControllerTest.java:75)

